# Logfile created on 2014-07-01 10:46:43 -0400 by logger.rb/41954
I, [2014-07-01T10:46:43.750676 #49332]  INFO -- : Started running (KeepBusy): Log file: /Users/joshthedudeoflife/re_prefs_svc/log/run.log
I, [2014-07-01T10:47:03.435122 #49332]  INFO -- : Request: controller:notification_preferences action:update method:put
I, [2014-07-01T10:47:03.435389 #49332]  INFO -- : Parameters: {:username=>"ABC", :name=>"def", :id=>"abc", :data=>"{\"assetclass\":[\"B\"],\"states\":[\"Alaska\"],\"investments\":{\"minimum\":\"50001\",\"maximum\":\"60000\"}}"}
I, [2014-07-01T10:47:03.435857 #49332]  INFO -- : update_put
D, [2014-07-01T10:47:03.476479 #49332] DEBUG -- : Query: #<Mysql2::Result:0x007f9602048680> && 0 for SQL:
SELECT shared_secret FROM clients WHERE name='re_portal_prefs_1' LIMIT 1
D, [2014-07-01T10:47:03.477337 #49332] DEBUG -- : Query: #<Mysql2::Result:0x007f9602061310> && 0 for SQL:
SELECT ottoken FROM request_log WHERE ottoken='4a306d506cb174451d65f49c421595079c967f7e2a3293750cdc3a22b2507fb2 re_portal_prefs_1 1404226023309' LIMIT 1
D, [2014-07-01T10:47:03.478580 #49332] DEBUG -- : Query:  && 546 for SQL:
INSERT INTO request_log (ottoken, action, controller, client, created_at) values (
          '4a306d506cb174451d65f49c421595079c967f7e2a3293750cdc3a22b2507fb2 re_portal_prefs_1 1404226023309', 
          'update', 
          'notification_preferences', 
          're_portal_prefs_1', '2014-07-01 10:47:03 -0400')
I, [2014-07-01T10:47:03.478706 #49332]  INFO -- : {:username=>"ABC", :name=>"def", :id=>"abc", :data=>"{\"assetclass\":[\"B\"],\"states\":[\"Alaska\"],\"investments\":{\"minimum\":\"50001\",\"maximum\":\"60000\"}}", :client=>"re_portal_prefs_1", :ottoken=>"4a306d506cb174451d65f49c421595079c967f7e2a3293750cdc3a22b2507fb2 re_portal_prefs_1 1404226023309", :action=>"update", :controller=>"notification_preferences"}
I, [2014-07-01T10:47:03.478856 #49332]  INFO -- : /Users/joshthedudeoflife/re_prefs_files/abc
I, [2014-07-01T10:47:03.478989 #49332]  INFO -- : Response: 200 text/json {:data=>"{\"assetclass\":[\"B\"],\"states\":[\"Alaska\"],\"investments\":{\"minimum\":\"50001\",\"maximum\":\"60000\"}}"}
I, [2014-07-01T11:13:55.266424 #49332]  INFO -- : Request: controller:notification_preferences action:create method:post
I, [2014-07-01T11:13:55.266602 #49332]  INFO -- : Parameters: {:username=>"ABC", :name=>"def", :id=>"abc", :data=>"{\"assetclass\":[\"B\"],\"states\":[\"Alaska\"],\"investments\":{\"minimum\":\"50001\",\"maximum\":\"60000\"}}"}
I, [2014-07-01T11:13:55.266657 #49332]  INFO -- : create_post
D, [2014-07-01T11:13:55.267430 #49332] DEBUG -- : Query: #<Mysql2::Result:0x007f9602083000> && 546 for SQL:
SELECT shared_secret FROM clients WHERE name='re_portal_prefs_1' LIMIT 1
D, [2014-07-01T11:13:55.268087 #49332] DEBUG -- : Query: #<Mysql2::Result:0x007f9602088b90> && 546 for SQL:
SELECT ottoken FROM request_log WHERE ottoken='acf049f16bedad034c738b531f82d5cab9d6cb6895dcfe853cc4b202b20a5c46 re_portal_prefs_1 1404227635251' LIMIT 1
D, [2014-07-01T11:13:55.269472 #49332] DEBUG -- : Query:  && 547 for SQL:
INSERT INTO request_log (ottoken, action, controller, client, created_at) values (
          'acf049f16bedad034c738b531f82d5cab9d6cb6895dcfe853cc4b202b20a5c46 re_portal_prefs_1 1404227635251', 
          'create', 
          'notification_preferences', 
          're_portal_prefs_1', '2014-07-01 11:13:55 -0400')
I, [2014-07-01T11:13:55.269655 #49332]  INFO -- : {:username=>"ABC", :name=>"def", :id=>"abc", :data=>"{\"assetclass\":[\"B\"],\"states\":[\"Alaska\"],\"investments\":{\"minimum\":\"50001\",\"maximum\":\"60000\"}}", :client=>"re_portal_prefs_1", :ottoken=>"acf049f16bedad034c738b531f82d5cab9d6cb6895dcfe853cc4b202b20a5c46 re_portal_prefs_1 1404227635251", :action=>"create", :controller=>"notification_preferences"}
W, [2014-07-01T11:13:55.269930 #49332]  WARN -- : Error processing request: #<IOError: not opened for writing>
/Users/joshthedudeoflife/re_prefs_svc/lib/api_models/implementation.rb:51:in `write'
/Users/joshthedudeoflife/re_prefs_svc/lib/api_models/implementation.rb:51:in `notification_preferences_create_post'
/Users/joshthedudeoflife/re_prefs_svc/lib/secure_api/api_control.rb:51:in `do_request'
/Users/joshthedudeoflife/re_prefs_svc/lib/secure_api/api_server.rb:205:in `block (5 levels) in process_http_request'
/Users/joshthedudeoflife/re_prefs_svc/lib/secure_api/api_server.rb:204:in `catch'
/Users/joshthedudeoflife/re_prefs_svc/lib/secure_api/api_server.rb:204:in `block (4 levels) in process_http_request'
/Users/joshthedudeoflife/re_prefs_svc/lib/secure_api/api_server.rb:199:in `catch'
/Users/joshthedudeoflife/re_prefs_svc/lib/secure_api/api_server.rb:199:in `block (3 levels) in process_http_request'
/Users/joshthedudeoflife/re_prefs_svc/lib/secure_api/api_server.rb:196:in `catch'
/Users/joshthedudeoflife/re_prefs_svc/lib/secure_api/api_server.rb:196:in `block (2 levels) in process_http_request'
/Users/joshthedudeoflife/re_prefs_svc/lib/secure_api/api_server.rb:195:in `catch'
/Users/joshthedudeoflife/re_prefs_svc/lib/secure_api/api_server.rb:195:in `block in process_http_request'
/Users/joshthedudeoflife/.rvm/gems/ruby-2.0.0-p353/gems/eventmachine-1.0.3/lib/eventmachine.rb:1037:in `call'
/Users/joshthedudeoflife/.rvm/gems/ruby-2.0.0-p353/gems/eventmachine-1.0.3/lib/eventmachine.rb:1037:in `block in spawn_threadpool'
I, [2014-07-01T11:20:35.438855 #49409]  INFO -- : Started running (KeepBusy): Log file: /Users/joshthedudeoflife/re_prefs_svc/log/run.log
I, [2014-07-01T11:21:05.818627 #49409]  INFO -- : Request: controller:notification_preferences action:create method:post
I, [2014-07-01T11:21:05.818805 #49409]  INFO -- : Parameters: {:username=>"ABC", :name=>"def", :id=>"abc", :data=>"{\"assetclass\":[\"B\"],\"states\":[\"Maryland\",\"New York\"],\"investments\":{\"minimum\":\"50001\",\"maximum\":\"60000\"}}"}
I, [2014-07-01T11:21:05.818860 #49409]  INFO -- : create_post
D, [2014-07-01T11:21:05.840787 #49409] DEBUG -- : Query: #<Mysql2::Result:0x007f9bd1848590> && 0 for SQL:
SELECT shared_secret FROM clients WHERE name='re_portal_prefs_1' LIMIT 1
D, [2014-07-01T11:21:05.841454 #49409] DEBUG -- : Query: #<Mysql2::Result:0x007f9bd18608e8> && 0 for SQL:
SELECT ottoken FROM request_log WHERE ottoken='59d1e0d0c8edeb580c388e7b18781a05c07cdf067d045edc9d34d5fe62c1d058 re_portal_prefs_1 1404228065784' LIMIT 1
D, [2014-07-01T11:21:05.844533 #49409] DEBUG -- : Query:  && 548 for SQL:
INSERT INTO request_log (ottoken, action, controller, client, created_at) values (
          '59d1e0d0c8edeb580c388e7b18781a05c07cdf067d045edc9d34d5fe62c1d058 re_portal_prefs_1 1404228065784', 
          'create', 
          'notification_preferences', 
          're_portal_prefs_1', '2014-07-01 11:21:05 -0400')
I, [2014-07-01T11:21:05.844963 #49409]  INFO -- : {:username=>"ABC", :name=>"def", :id=>"abc", :data=>"{\"assetclass\":[\"B\"],\"states\":[\"Maryland\",\"New York\"],\"investments\":{\"minimum\":\"50001\",\"maximum\":\"60000\"}}", :client=>"re_portal_prefs_1", :ottoken=>"59d1e0d0c8edeb580c388e7b18781a05c07cdf067d045edc9d34d5fe62c1d058 re_portal_prefs_1 1404228065784", :action=>"create", :controller=>"notification_preferences"}
I, [2014-07-01T11:21:05.845267 #49409]  INFO -- : /Users/joshthedudeoflife/re_prefs_files/abc7822627295
I, [2014-07-01T11:21:05.846026 #49409]  INFO -- : Response: 200 text/json {:data=>"{\"assetclass\":[\"B\"],\"states\":[\"Maryland\",\"New York\"],\"investments\":{\"minimum\":\"50001\",\"maximum\":\"60000\"}}"}
I, [2014-07-01T11:24:06.494456 #49433]  INFO -- : Started running (KeepBusy): Log file: /Users/joshthedudeoflife/re_prefs_svc/log/run.log
I, [2014-07-01T11:24:25.737482 #49433]  INFO -- : Request: controller:notification_preferences action:create method:post
I, [2014-07-01T11:24:25.737715 #49433]  INFO -- : Parameters: {:username=>"ABC", :name=>"def", :id=>"abc", :data=>"{\"assetclass\":[\"B\"],\"states\":[\"Alaska\"],\"investments\":{\"minimum\":\"50001\",\"maximum\":\"60000\"}}"}
I, [2014-07-01T11:24:25.738341 #49433]  INFO -- : create_post
D, [2014-07-01T11:24:25.754706 #49433] DEBUG -- : Query: #<Mysql2::Result:0x007f9a88848a58> && 0 for SQL:
SELECT shared_secret FROM clients WHERE name='re_portal_prefs_1' LIMIT 1
D, [2014-07-01T11:24:25.755559 #49433] DEBUG -- : Query: #<Mysql2::Result:0x007f9a888615d0> && 0 for SQL:
SELECT ottoken FROM request_log WHERE ottoken='7d81a2ff09bf915967e0b1e1d551f82135facc2b0e7c28de1966a2d55118702f re_portal_prefs_1 1404228265654' LIMIT 1
D, [2014-07-01T11:24:25.756804 #49433] DEBUG -- : Query:  && 549 for SQL:
INSERT INTO request_log (ottoken, action, controller, client, created_at) values (
          '7d81a2ff09bf915967e0b1e1d551f82135facc2b0e7c28de1966a2d55118702f re_portal_prefs_1 1404228265654', 
          'create', 
          'notification_preferences', 
          're_portal_prefs_1', '2014-07-01 11:24:25 -0400')
I, [2014-07-01T11:24:25.757009 #49433]  INFO -- : {:username=>"ABC", :name=>"def", :id=>"abc", :data=>"{\"assetclass\":[\"B\"],\"states\":[\"Alaska\"],\"investments\":{\"minimum\":\"50001\",\"maximum\":\"60000\"}}", :client=>"re_portal_prefs_1", :ottoken=>"7d81a2ff09bf915967e0b1e1d551f82135facc2b0e7c28de1966a2d55118702f re_portal_prefs_1 1404228265654", :action=>"create", :controller=>"notification_preferences"}
I, [2014-07-01T11:24:25.757280 #49433]  INFO -- : /Users/joshthedudeoflife/re_prefs_files/abc8420272399
I, [2014-07-01T11:24:25.758179 #49433]  INFO -- : Response: 200 text/json {:data=>"{\"assetclass\":[\"B\"],\"states\":[\"Alaska\"],\"investments\":{\"minimum\":\"50001\",\"maximum\":\"60000\"}}", :id=>"abc8420272399"}
I, [2014-07-01T11:27:12.473216 #49433]  INFO -- : Request: controller:notification_preferences action:create method:post
I, [2014-07-01T11:27:12.473350 #49433]  INFO -- : Parameters: {:username=>"ABC", :name=>"def", :id=>"", :data=>"{\"assetclass\":[\"B\"],\"states\":[\"Alaska\"],\"investments\":{\"minimum\":\"50001\",\"maximum\":\"60000\"}}"}
I, [2014-07-01T11:27:12.473403 #49433]  INFO -- : create_post
D, [2014-07-01T11:27:12.484064 #49433] DEBUG -- : Query: #<Mysql2::Result:0x007f9a88883090> && 549 for SQL:
SELECT shared_secret FROM clients WHERE name='re_portal_prefs_1' LIMIT 1
D, [2014-07-01T11:27:12.484721 #49433] DEBUG -- : Query: #<Mysql2::Result:0x007f9a88888c70> && 549 for SQL:
SELECT ottoken FROM request_log WHERE ottoken='414861b9b8343bbb4285a82f693f9e83e0502f6be48e357d82dd561d76e5fce7 re_portal_prefs_1 1404228432461' LIMIT 1
D, [2014-07-01T11:27:12.491829 #49433] DEBUG -- : Query:  && 550 for SQL:
INSERT INTO request_log (ottoken, action, controller, client, created_at) values (
          '414861b9b8343bbb4285a82f693f9e83e0502f6be48e357d82dd561d76e5fce7 re_portal_prefs_1 1404228432461', 
          'create', 
          'notification_preferences', 
          're_portal_prefs_1', '2014-07-01 11:27:12 -0400')
I, [2014-07-01T11:27:12.492047 #49433]  INFO -- : {:username=>"ABC", :name=>"def", :id=>"", :data=>"{\"assetclass\":[\"B\"],\"states\":[\"Alaska\"],\"investments\":{\"minimum\":\"50001\",\"maximum\":\"60000\"}}", :client=>"re_portal_prefs_1", :ottoken=>"414861b9b8343bbb4285a82f693f9e83e0502f6be48e357d82dd561d76e5fce7 re_portal_prefs_1 1404228432461", :action=>"create", :controller=>"notification_preferences"}
I, [2014-07-01T11:27:12.492295 #49433]  INFO -- : /Users/joshthedudeoflife/re_prefs_files/abc254844494
I, [2014-07-01T11:27:12.493104 #49433]  INFO -- : Response: 200 text/json {:data=>"{\"assetclass\":[\"B\"],\"states\":[\"Alaska\"],\"investments\":{\"minimum\":\"50001\",\"maximum\":\"60000\"}}", :id=>"abc254844494"}
I, [2014-07-01T11:30:57.535172 #49433]  INFO -- : Request: controller:notification_preferences action:create method:post
I, [2014-07-01T11:30:57.535276 #49433]  INFO -- : Parameters: {:username=>"ABC", :name=>"def", :data=>"{\"assetclass\":[\"B\"],\"states\":[\"Alaska\"],\"investments\":{\"minimum\":\"50001\",\"maximum\":\"60000\"}}"}
I, [2014-07-01T11:30:57.535327 #49433]  INFO -- : create_post
D, [2014-07-01T11:30:57.536510 #49433] DEBUG -- : Query: #<Mysql2::Result:0x007f9a888abc70> && 550 for SQL:
SELECT shared_secret FROM clients WHERE name='re_portal_prefs_1' LIMIT 1
D, [2014-07-01T11:30:57.537152 #49433] DEBUG -- : Query: #<Mysql2::Result:0x007f9a888b1f80> && 550 for SQL:
SELECT ottoken FROM request_log WHERE ottoken='b61c9fe5e35e57c181c0637ad6d898d6bcd537ef04d96dba01683b6efab7f753 re_portal_prefs_1 1404228657531' LIMIT 1
D, [2014-07-01T11:30:57.540504 #49433] DEBUG -- : Query:  && 551 for SQL:
INSERT INTO request_log (ottoken, action, controller, client, created_at) values (
          'b61c9fe5e35e57c181c0637ad6d898d6bcd537ef04d96dba01683b6efab7f753 re_portal_prefs_1 1404228657531', 
          'create', 
          'notification_preferences', 
          're_portal_prefs_1', '2014-07-01 11:30:57 -0400')
I, [2014-07-01T11:30:57.545386 #49433]  INFO -- : {:username=>"ABC", :name=>"def", :data=>"{\"assetclass\":[\"B\"],\"states\":[\"Alaska\"],\"investments\":{\"minimum\":\"50001\",\"maximum\":\"60000\"}}", :client=>"re_portal_prefs_1", :ottoken=>"b61c9fe5e35e57c181c0637ad6d898d6bcd537ef04d96dba01683b6efab7f753 re_portal_prefs_1 1404228657531", :action=>"create", :controller=>"notification_preferences"}
I, [2014-07-01T11:30:57.545648 #49433]  INFO -- : /Users/joshthedudeoflife/re_prefs_files/abc7239983347
I, [2014-07-01T11:30:57.546257 #49433]  INFO -- : Response: 200 text/json {:data=>"{\"assetclass\":[\"B\"],\"states\":[\"Alaska\"],\"investments\":{\"minimum\":\"50001\",\"maximum\":\"60000\"}}", :id=>"abc7239983347"}
I, [2014-07-01T11:45:37.759294 #49433]  INFO -- : Request: controller:notification_preferences action:create method:post
I, [2014-07-01T11:45:37.759397 #49433]  INFO -- : Parameters: {:username=>"ABC", :name=>"def", :data=>"{\"assetclass\":[\"B\"],\"states\":[\"Alaska\"],\"investments\":{\"minimum\":\"50001\",\"maximum\":\"60000\"}}"}
I, [2014-07-01T11:45:37.759448 #49433]  INFO -- : create_post
D, [2014-07-01T11:45:37.760601 #49433] DEBUG -- : Query: #<Mysql2::Result:0x007f9a88936b18> && 551 for SQL:
SELECT shared_secret FROM clients WHERE name='re_portal_prefs_1' LIMIT 1
D, [2014-07-01T11:45:37.761121 #49433] DEBUG -- : Query: #<Mysql2::Result:0x007f9a89008c70> && 551 for SQL:
SELECT ottoken FROM request_log WHERE ottoken='b659ff640a2d536ecadc9b1277e2f6c3c8a1bf6be5626362b897873b5821d469 re_portal_prefs_1 1404229537757' LIMIT 1
D, [2014-07-01T11:45:37.762576 #49433] DEBUG -- : Query:  && 552 for SQL:
INSERT INTO request_log (ottoken, action, controller, client, created_at) values (
          'b659ff640a2d536ecadc9b1277e2f6c3c8a1bf6be5626362b897873b5821d469 re_portal_prefs_1 1404229537757', 
          'create', 
          'notification_preferences', 
          're_portal_prefs_1', '2014-07-01 11:45:37 -0400')
I, [2014-07-01T11:45:37.762749 #49433]  INFO -- : {:username=>"ABC", :name=>"def", :data=>"{\"assetclass\":[\"B\"],\"states\":[\"Alaska\"],\"investments\":{\"minimum\":\"50001\",\"maximum\":\"60000\"}}", :client=>"re_portal_prefs_1", :ottoken=>"b659ff640a2d536ecadc9b1277e2f6c3c8a1bf6be5626362b897873b5821d469 re_portal_prefs_1 1404229537757", :action=>"create", :controller=>"notification_preferences"}
I, [2014-07-01T11:45:37.762944 #49433]  INFO -- : /Users/joshthedudeoflife/re_prefs_files/abc770081522
I, [2014-07-01T11:45:37.763631 #49433]  INFO -- : Response: 200 text/json {:data=>"{\"assetclass\":[\"B\"],\"states\":[\"Alaska\"],\"investments\":{\"minimum\":\"50001\",\"maximum\":\"60000\"}}", :id=>"abc770081522"}
I, [2014-07-01T11:47:18.220073 #49433]  INFO -- : Request: controller:notification_preferences action:create method:post
I, [2014-07-01T11:47:18.220284 #49433]  INFO -- : Parameters: {:username=>"ABC", :name=>"def", :data=>"{\"assetclass\":[\"B\"],\"states\":[\"Alaska\"],\"investments\":{\"minimum\":\"50001\",\"maximum\":\"60000\"}}"}
I, [2014-07-01T11:47:18.220352 #49433]  INFO -- : create_post
D, [2014-07-01T11:47:18.239452 #49433] DEBUG -- : Query: #<Mysql2::Result:0x007f9a8894f618> && 552 for SQL:
SELECT shared_secret FROM clients WHERE name='re_portal_prefs_1' LIMIT 1
D, [2014-07-01T11:47:18.240926 #49433] DEBUG -- : Query: #<Mysql2::Result:0x007f9a889564b8> && 552 for SQL:
SELECT ottoken FROM request_log WHERE ottoken='882be46d43b2aa974e78f6392649eeef6ed864b2a89bff80cac9d9f59d821166 re_portal_prefs_1 1404229638193' LIMIT 1
D, [2014-07-01T11:47:18.272664 #49433] DEBUG -- : Query:  && 553 for SQL:
INSERT INTO request_log (ottoken, action, controller, client, created_at) values (
          '882be46d43b2aa974e78f6392649eeef6ed864b2a89bff80cac9d9f59d821166 re_portal_prefs_1 1404229638193', 
          'create', 
          'notification_preferences', 
          're_portal_prefs_1', '2014-07-01 11:47:18 -0400')
I, [2014-07-01T11:47:18.272983 #49433]  INFO -- : {:username=>"ABC", :name=>"def", :data=>"{\"assetclass\":[\"B\"],\"states\":[\"Alaska\"],\"investments\":{\"minimum\":\"50001\",\"maximum\":\"60000\"}}", :client=>"re_portal_prefs_1", :ottoken=>"882be46d43b2aa974e78f6392649eeef6ed864b2a89bff80cac9d9f59d821166 re_portal_prefs_1 1404229638193", :action=>"create", :controller=>"notification_preferences"}
I, [2014-07-01T11:47:18.273259 #49433]  INFO -- : /Users/joshthedudeoflife/re_prefs_files/abc2274546076
I, [2014-07-01T11:47:18.273527 #49433]  INFO -- : Response: 200 text/json {:data=>"{\"assetclass\":[\"B\"],\"states\":[\"Alaska\"],\"investments\":{\"minimum\":\"50001\",\"maximum\":\"60000\"}}", :id=>"abc2274546076"}
I, [2014-07-01T11:49:40.196371 #49433]  INFO -- : Request: controller:notification_preferences action:create method:post
I, [2014-07-01T11:49:40.196482 #49433]  INFO -- : Parameters: {:username=>"ABC", :name=>"def", :data=>"{\"assetclass\":[\"B\"],\"states\":[\"Alaska\"],\"investments\":{\"minimum\":\"50001\",\"maximum\":\"60000\"}}"}
I, [2014-07-01T11:49:40.196529 #49433]  INFO -- : create_post
D, [2014-07-01T11:49:40.197061 #49433] DEBUG -- : Query: #<Mysql2::Result:0x007f9a8896f968> && 553 for SQL:
SELECT shared_secret FROM clients WHERE name='re_portal_prefs_1' LIMIT 1
D, [2014-07-01T11:49:40.197543 #49433] DEBUG -- : Query: #<Mysql2::Result:0x007f9a8897f688> && 553 for SQL:
SELECT ottoken FROM request_log WHERE ottoken='9f928d0877acdde708cfd1d5e051fe04ca423108a22eb3d5c6d0fb2c05035541 re_portal_prefs_1 1404229780188' LIMIT 1
D, [2014-07-01T11:49:40.198194 #49433] DEBUG -- : Query:  && 554 for SQL:
INSERT INTO request_log (ottoken, action, controller, client, created_at) values (
          '9f928d0877acdde708cfd1d5e051fe04ca423108a22eb3d5c6d0fb2c05035541 re_portal_prefs_1 1404229780188', 
          'create', 
          'notification_preferences', 
          're_portal_prefs_1', '2014-07-01 11:49:40 -0400')
I, [2014-07-01T11:49:40.198294 #49433]  INFO -- : {:username=>"ABC", :name=>"def", :data=>"{\"assetclass\":[\"B\"],\"states\":[\"Alaska\"],\"investments\":{\"minimum\":\"50001\",\"maximum\":\"60000\"}}", :client=>"re_portal_prefs_1", :ottoken=>"9f928d0877acdde708cfd1d5e051fe04ca423108a22eb3d5c6d0fb2c05035541 re_portal_prefs_1 1404229780188", :action=>"create", :controller=>"notification_preferences"}
I, [2014-07-01T11:49:40.198493 #49433]  INFO -- : /Users/joshthedudeoflife/re_prefs_files/abc33786907
I, [2014-07-01T11:49:40.198674 #49433]  INFO -- : Response: 200 text/json {:data=>"{\"assetclass\":[\"B\"],\"states\":[\"Alaska\"],\"investments\":{\"minimum\":\"50001\",\"maximum\":\"60000\"}}", :id=>"abc33786907"}
I, [2014-07-01T11:50:39.934552 #49433]  INFO -- : Request: controller:notification_preferences action:get method:get
I, [2014-07-01T11:50:39.934655 #49433]  INFO -- : Parameters: {:username=>"ABC", :name=>"def", :id=>"abc33786907"}
I, [2014-07-01T11:50:39.934758 #49433]  INFO -- : get_get
D, [2014-07-01T11:50:39.935328 #49433] DEBUG -- : Query: #<Mysql2::Result:0x007f9a88911ef8> && 554 for SQL:
SELECT shared_secret FROM clients WHERE name='re_portal_prefs_1' LIMIT 1
D, [2014-07-01T11:50:39.935804 #49433] DEBUG -- : Query: #<Mysql2::Result:0x007f9a89023ef8> && 554 for SQL:
SELECT ottoken FROM request_log WHERE ottoken='01bf01ae34264bc1b406f1958bf056ad1d4c18cc5b446158bef765239fbcbabf re_portal_prefs_1 1404229839929' LIMIT 1
D, [2014-07-01T11:50:39.936606 #49433] DEBUG -- : Query:  && 555 for SQL:
INSERT INTO request_log (ottoken, action, controller, client, created_at) values (
          '01bf01ae34264bc1b406f1958bf056ad1d4c18cc5b446158bef765239fbcbabf re_portal_prefs_1 1404229839929', 
          'get', 
          'notification_preferences', 
          're_portal_prefs_1', '2014-07-01 11:50:39 -0400')
I, [2014-07-01T11:50:39.936764 #49433]  INFO -- : this is line 31 {:username=>"ABC", :name=>"def", :id=>"abc33786907", :client=>"re_portal_prefs_1", :ottoken=>"01bf01ae34264bc1b406f1958bf056ad1d4c18cc5b446158bef765239fbcbabf re_portal_prefs_1 1404229839929", :action=>"get", :controller=>"notification_preferences"}
I, [2014-07-01T11:50:39.936878 #49433]  INFO -- : /Users/joshthedudeoflife/re_prefs_files/abc33786907
I, [2014-07-01T11:50:39.936941 #49433]  INFO -- : Lets go here
I, [2014-07-01T11:50:39.937032 #49433]  INFO -- : Response: 200 text/json {:data=>"{\"assetclass\":[\"B\"],\"states\":[\"Alaska\"],\"investments\":{\"minimum\":\"50001\",\"maximum\":\"60000\"}}"}
I, [2014-07-02T10:03:51.381070 #49433]  INFO -- : Request: controller:notification_preferences action:create method:post
I, [2014-07-02T10:03:51.395572 #49433]  INFO -- : Parameters: {:username=>"ABC", :name=>"def", :data=>"{\"assetclass\":[\"A\"],\"states\":[\"Kentucky\"],\"investments\":{\"minimum\":\"50001\",\"maximum\":\"60000\"}}"}
I, [2014-07-02T10:03:51.395706 #49433]  INFO -- : create_post
D, [2014-07-02T10:03:51.396447 #49433] DEBUG -- : Query: #<Mysql2::Result:0x007f9a89030b08> && 555 for SQL:
SELECT shared_secret FROM clients WHERE name='re_portal_prefs_1' LIMIT 1
D, [2014-07-02T10:03:51.397053 #49433] DEBUG -- : Query: #<Mysql2::Result:0x007f9a890475d8> && 555 for SQL:
SELECT ottoken FROM request_log WHERE ottoken='8d10b9b660d38c99c32cf2d032cb04e3da0cba750064a05dde611eb9cfbd65d4 re_portal_prefs_1 1404309831357' LIMIT 1
D, [2014-07-02T10:03:51.416666 #49433] DEBUG -- : Query:  && 556 for SQL:
INSERT INTO request_log (ottoken, action, controller, client, created_at) values (
          '8d10b9b660d38c99c32cf2d032cb04e3da0cba750064a05dde611eb9cfbd65d4 re_portal_prefs_1 1404309831357', 
          'create', 
          'notification_preferences', 
          're_portal_prefs_1', '2014-07-02 10:03:51 -0400')
I, [2014-07-02T10:03:51.416875 #49433]  INFO -- : {:username=>"ABC", :name=>"def", :data=>"{\"assetclass\":[\"A\"],\"states\":[\"Kentucky\"],\"investments\":{\"minimum\":\"50001\",\"maximum\":\"60000\"}}", :client=>"re_portal_prefs_1", :ottoken=>"8d10b9b660d38c99c32cf2d032cb04e3da0cba750064a05dde611eb9cfbd65d4 re_portal_prefs_1 1404309831357", :action=>"create", :controller=>"notification_preferences"}
I, [2014-07-02T10:03:51.434710 #49433]  INFO -- : /Users/joshthedudeoflife/re_prefs_files/abc4953586043
I, [2014-07-02T10:03:51.435021 #49433]  INFO -- : Response: 200 text/json {:data=>"{\"assetclass\":[\"A\"],\"states\":[\"Kentucky\"],\"investments\":{\"minimum\":\"50001\",\"maximum\":\"60000\"}}", :id=>"abc4953586043"}
I, [2014-07-02T10:03:52.423052 #49433]  INFO -- : Request: controller:notification_preferences action:get method:get
I, [2014-07-02T10:03:52.423160 #49433]  INFO -- : Parameters: {:username=>"ABC", :name=>"def", :id=>"abc4953586043"}
I, [2014-07-02T10:03:52.423211 #49433]  INFO -- : get_get
D, [2014-07-02T10:03:52.423799 #49433] DEBUG -- : Query: #<Mysql2::Result:0x007f9a890545d0> && 556 for SQL:
SELECT shared_secret FROM clients WHERE name='re_portal_prefs_1' LIMIT 1
D, [2014-07-02T10:03:52.424514 #49433] DEBUG -- : Query: #<Mysql2::Result:0x007f9a89067ea0> && 556 for SQL:
SELECT ottoken FROM request_log WHERE ottoken='606aeb8b12c8873755cbc87b0a33e3eae508fb49a0e6ff06f0d41257e5d23fbb re_portal_prefs_1 1404309832417' LIMIT 1
D, [2014-07-02T10:03:52.425467 #49433] DEBUG -- : Query:  && 557 for SQL:
INSERT INTO request_log (ottoken, action, controller, client, created_at) values (
          '606aeb8b12c8873755cbc87b0a33e3eae508fb49a0e6ff06f0d41257e5d23fbb re_portal_prefs_1 1404309832417', 
          'get', 
          'notification_preferences', 
          're_portal_prefs_1', '2014-07-02 10:03:52 -0400')
I, [2014-07-02T10:03:52.425613 #49433]  INFO -- : this is line 31 {:username=>"ABC", :name=>"def", :id=>"abc4953586043", :client=>"re_portal_prefs_1", :ottoken=>"606aeb8b12c8873755cbc87b0a33e3eae508fb49a0e6ff06f0d41257e5d23fbb re_portal_prefs_1 1404309832417", :action=>"get", :controller=>"notification_preferences"}
I, [2014-07-02T10:03:52.425725 #49433]  INFO -- : /Users/joshthedudeoflife/re_prefs_files/abc4953586043
I, [2014-07-02T10:03:52.454065 #49433]  INFO -- : Lets go here
I, [2014-07-02T10:03:52.454225 #49433]  INFO -- : Response: 200 text/json {:data=>"{\"assetclass\":[\"A\"],\"states\":[\"Kentucky\"],\"investments\":{\"minimum\":\"50001\",\"maximum\":\"60000\"}}"}
